<?xml version="1.0" encoding="UTF-8"?>
<!-- Generated by org.testng.reporters.JUnitReportReporter -->
<testsuite name="xbox.testcase.leaders.XboxLeaderCheck" tests="1" time="14.724" ignored="0" failures="0" timestamp="22 Feb 2017 17:11:34 GMT" skipped="0" hostname="DDC-MIZELL" errors="0">
  <testcase name="testTopLeaders" time="14.724" classname="xbox.testcase.leaders.XboxLeaderCheck"/>
</testsuite> <!-- xbox.testcase.leaders.XboxLeaderCheck -->
