<?xml version="1.0" encoding="UTF-8"?>
<!-- Generated by org.testng.reporters.JUnitReportReporter -->
<testsuite name="xbox.testcase.profile.XboxProfileCheck" tests="1" time="18.703" ignored="0" failures="0" timestamp="22 Feb 2017 17:11:34 GMT" skipped="0" hostname="DDC-MIZELL" errors="0">
  <testcase name="testEditAccountSingle" time="18.703" classname="xbox.testcase.profile.XboxProfileCheck"/>
</testsuite> <!-- xbox.testcase.profile.XboxProfileCheck -->
