<?xml version="1.0" encoding="UTF-8"?>
<!-- Generated by org.testng.reporters.JUnitReportReporter -->
<testsuite hostname="PRFT-16026" failures="0" tests="1" name="xboxProject.xboxlive" time="9.803" errors="0" timestamp="2021-06-23T14:43:38 CDT" skipped="0">
  <testcase classname="xboxProject.xboxlive" name="xblUser" time="9.803"/>
  <system-out/>
</testsuite> <!-- xboxProject.xboxlive -->
