<?xml version="1.0" encoding="UTF-8"?>
<!-- Generated by org.testng.reporters.JUnitReportReporter -->
<testsuite hostname="PRFT-16026" failures="0" tests="2" name="xboxProject.xboxlive" time="16.931" errors="0" timestamp="2021-06-24T12:00:24 CDT" skipped="0">
  <testcase classname="xboxProject.xboxlive" name="top5gamers" time="7.468"/>
  <system-out/>
  <testcase classname="xboxProject.xboxlive" name="xblUser" time="9.463"/>
  <system-out/>
</testsuite> <!-- xboxProject.xboxlive -->
